2024-10-13 00:00:06.604 INFO  com.gowri.DairyAppApplication - Starting DairyAppApplication using Java 21.0.2 with PID 10256 (N:\Pro\Menses\2024\Oct\dairy\dairyApp\target\classes started by NaveenWodeyar in N:\Pro\Menses\2024\Oct\dairy)
2024-10-13 00:00:06.617 INFO  com.gowri.DairyAppApplication - The following 1 profile is active: "dev"
2024-10-13 00:00:06.783 INFO  o.s.b.d.e.DevToolsPropertyDefaultsPostProcessor - Devtools property defaults active! Set 'spring.devtools.add-properties' to 'false' to disable
2024-10-13 00:00:06.783 INFO  o.s.b.d.e.DevToolsPropertyDefaultsPostProcessor - For additional web related logging consider setting the 'logging.level.web' property to 'DEBUG'
2024-10-13 00:00:09.966 INFO  o.s.d.r.c.RepositoryConfigurationDelegate - Bootstrapping Spring Data JPA repositories in DEFAULT mode.
2024-10-13 00:00:10.006 INFO  o.s.d.r.c.RepositoryConfigurationDelegate - Finished Spring Data repository scanning in 24 ms. Found 0 JPA repository interfaces.
2024-10-13 00:00:12.991 INFO  o.s.b.w.e.tomcat.TomcatWebServer - Tomcat initialized with port 8687 (http)
2024-10-13 00:00:13.019 INFO  o.a.coyote.http11.Http11NioProtocol - Initializing ProtocolHandler ["http-nio-8687"]
2024-10-13 00:00:13.029 INFO  o.a.catalina.core.StandardService - Starting service [Tomcat]
2024-10-13 00:00:13.030 INFO  o.a.catalina.core.StandardEngine - Starting Servlet engine: [Apache Tomcat/10.1.30]
2024-10-13 00:00:13.172 INFO  o.a.c.c.C.[Tomcat].[localhost].[/] - Initializing Spring embedded WebApplicationContext
2024-10-13 00:00:13.175 INFO  o.s.b.w.s.c.ServletWebServerApplicationContext - Root WebApplicationContext: initialization completed in 6380 ms
2024-10-13 00:00:16.138 INFO  o.s.o.j.p.SpringPersistenceUnitInfo - No LoadTimeWeaver setup: ignoring JPA class transformer
2024-10-13 00:00:16.214 INFO  com.zaxxer.hikari.HikariDataSource - HikariPool-1 - Starting...
2024-10-13 00:00:17.247 INFO  com.zaxxer.hikari.pool.HikariPool - HikariPool-1 - Added connection com.mysql.cj.jdbc.ConnectionImpl@28252983
2024-10-13 00:00:17.252 INFO  com.zaxxer.hikari.HikariDataSource - HikariPool-1 - Start completed.
2024-10-13 00:00:18.359 INFO  o.s.o.j.LocalContainerEntityManagerFactoryBean - Initialized JPA EntityManagerFactory for persistence unit 'default'
2024-10-13 00:00:18.844 WARN  o.s.b.a.o.j.JpaBaseConfiguration$JpaWebConfiguration - spring.jpa.open-in-view is enabled by default. Therefore, database queries may be performed during view rendering. Explicitly configure spring.jpa.open-in-view to disable this warning
2024-10-13 00:00:27.064 INFO  o.s.b.d.a.OptionalLiveReloadServer - LiveReload server is running on port 35729
2024-10-13 00:00:27.127 INFO  o.s.b.a.e.web.EndpointLinksResolver - Exposing 14 endpoints beneath base path '/actuator'
2024-10-13 00:00:27.520 INFO  o.a.coyote.http11.Http11NioProtocol - Starting ProtocolHandler ["http-nio-8687"]
2024-10-13 00:00:27.584 INFO  o.s.b.w.e.tomcat.TomcatWebServer - Tomcat started on port 8687 (http) with context path '/'
2024-10-13 00:00:27.685 INFO  com.gowri.DairyAppApplication - Started DairyAppApplication in 23.795 seconds (process running for 27.039)
2024-10-13 00:01:55.127 INFO  o.s.o.j.LocalContainerEntityManagerFactoryBean - Closing JPA EntityManagerFactory for persistence unit 'default'
2024-10-13 00:01:55.152 INFO  com.zaxxer.hikari.HikariDataSource - HikariPool-1 - Shutdown initiated...
2024-10-13 00:01:55.275 INFO  com.zaxxer.hikari.HikariDataSource - HikariPool-1 - Shutdown completed.
2024-10-13 00:02:51.509 INFO  com.gowri.DairyAppApplication - Starting DairyAppApplication using Java 21.0.2 with PID 2536 (N:\Pro\Menses\2024\Oct\dairy\dairyApp\target\classes started by NaveenWodeyar in N:\Pro\Menses\2024\Oct\dairy)
2024-10-13 00:02:51.519 INFO  com.gowri.DairyAppApplication - The following 1 profile is active: "dev"
2024-10-13 00:02:51.951 INFO  o.s.b.d.e.DevToolsPropertyDefaultsPostProcessor - Devtools property defaults active! Set 'spring.devtools.add-properties' to 'false' to disable
2024-10-13 00:02:51.951 INFO  o.s.b.d.e.DevToolsPropertyDefaultsPostProcessor - For additional web related logging consider setting the 'logging.level.web' property to 'DEBUG'
2024-10-13 00:02:57.160 INFO  o.s.d.r.c.RepositoryConfigurationDelegate - Bootstrapping Spring Data JPA repositories in DEFAULT mode.
2024-10-13 00:02:57.222 INFO  o.s.d.r.c.RepositoryConfigurationDelegate - Finished Spring Data repository scanning in 38 ms. Found 0 JPA repository interfaces.
2024-10-13 00:02:59.938 INFO  o.s.b.w.e.tomcat.TomcatWebServer - Tomcat initialized with port 8687 (http)
2024-10-13 00:02:59.973 INFO  o.a.coyote.http11.Http11NioProtocol - Initializing ProtocolHandler ["http-nio-8687"]
2024-10-13 00:02:59.987 INFO  o.a.catalina.core.StandardService - Starting service [Tomcat]
2024-10-13 00:02:59.988 INFO  o.a.catalina.core.StandardEngine - Starting Servlet engine: [Apache Tomcat/10.1.30]
2024-10-13 00:03:00.212 INFO  o.a.c.c.C.[.[localhost].[/dairy] - Initializing Spring embedded WebApplicationContext
2024-10-13 00:03:00.216 INFO  o.s.b.w.s.c.ServletWebServerApplicationContext - Root WebApplicationContext: initialization completed in 8259 ms
2024-10-13 00:03:03.667 INFO  o.s.o.j.p.SpringPersistenceUnitInfo - No LoadTimeWeaver setup: ignoring JPA class transformer
2024-10-13 00:03:03.841 INFO  com.zaxxer.hikari.HikariDataSource - HikariPool-1 - Starting...
2024-10-13 00:03:05.281 INFO  com.zaxxer.hikari.pool.HikariPool - HikariPool-1 - Added connection com.mysql.cj.jdbc.ConnectionImpl@6efa9875
2024-10-13 00:03:05.288 INFO  com.zaxxer.hikari.HikariDataSource - HikariPool-1 - Start completed.
2024-10-13 00:03:06.857 INFO  o.s.o.j.LocalContainerEntityManagerFactoryBean - Initialized JPA EntityManagerFactory for persistence unit 'default'
2024-10-13 00:03:07.865 WARN  o.s.b.a.o.j.JpaBaseConfiguration$JpaWebConfiguration - spring.jpa.open-in-view is enabled by default. Therefore, database queries may be performed during view rendering. Explicitly configure spring.jpa.open-in-view to disable this warning
2024-10-13 00:03:12.800 INFO  o.s.b.d.a.OptionalLiveReloadServer - LiveReload server is running on port 35729
2024-10-13 00:03:12.850 INFO  o.s.b.a.e.web.EndpointLinksResolver - Exposing 14 endpoints beneath base path '/actuator'
2024-10-13 00:03:13.207 INFO  o.a.coyote.http11.Http11NioProtocol - Starting ProtocolHandler ["http-nio-8687"]
2024-10-13 00:03:13.312 INFO  o.s.b.w.e.tomcat.TomcatWebServer - Tomcat started on port 8687 (http) with context path '/dairy'
2024-10-13 00:03:13.756 INFO  com.gowri.DairyAppApplication - Started DairyAppApplication in 24.271 seconds (process running for 26.292)
2024-10-13 00:03:58.706 INFO  o.s.o.j.LocalContainerEntityManagerFactoryBean - Closing JPA EntityManagerFactory for persistence unit 'default'
2024-10-13 00:03:58.742 INFO  com.zaxxer.hikari.HikariDataSource - HikariPool-1 - Shutdown initiated...
2024-10-13 00:03:58.778 INFO  com.zaxxer.hikari.HikariDataSource - HikariPool-1 - Shutdown completed.
